c:\users\родион\documents\visual studio 2015\projects\wheels\wheels\debug\vc140.pdb
c:\users\родион\documents\visual studio 2015\projects\wheels\wheels\debug\.netframework,version=v4.0.assemblyattributes.obj
c:\users\родион\documents\visual studio 2015\projects\wheels\wheels\debug\.netframework,version=v4.0.assemblyattributes.asm
c:\users\родион\documents\visual studio 2015\projects\wheels\wheels\debug\wheel.obj
c:\users\родион\documents\visual studio 2015\projects\wheels\wheels\debug\mainform.obj
c:\users\родион\documents\visual studio 2015\projects\wheels\wheels\debug\main.obj
c:\users\родион\documents\visual studio 2015\projects\wheels\debug\wheels.exe
c:\users\родион\documents\visual studio 2015\projects\wheels\debug\wheels.pdb
c:\users\родион\documents\visual studio 2015\projects\wheels\wheels\debug\wheels.mainform.resources
c:\users\родион\documents\visual studio 2015\projects\wheels\wheels\debug\wheels.vcxproj.generateresource.cache
c:\users\родион\documents\visual studio 2015\projects\wheels\wheels\debug\wheels.vcxprojresolveassemblyreference.cache
c:\users\родион\documents\visual studio 2015\projects\wheels\wheels\debug\vc140.idb
c:\users\родион\documents\visual studio 2015\projects\wheels\wheels\debug\wheels.tlog\cl.command.1.tlog
c:\users\родион\documents\visual studio 2015\projects\wheels\wheels\debug\wheels.tlog\cl.read.1.tlog
c:\users\родион\documents\visual studio 2015\projects\wheels\wheels\debug\wheels.tlog\cl.write.1.tlog
c:\users\родион\documents\visual studio 2015\projects\wheels\wheels\debug\wheels.tlog\link.command.1.tlog
c:\users\родион\documents\visual studio 2015\projects\wheels\wheels\debug\wheels.tlog\link.read.1.tlog
c:\users\родион\documents\visual studio 2015\projects\wheels\wheels\debug\wheels.tlog\link.write.1.tlog
c:\users\родион\documents\visual studio 2015\projects\wheels\wheels\debug\wheels.tlog\metagen.read.1.tlog
c:\users\родион\documents\visual studio 2015\projects\wheels\wheels\debug\wheels.tlog\metagen.write.1.tlog
c:\users\родион\documents\visual studio 2015\projects\wheels\wheels\debug\wheels.tlog\wheels.write.1u.tlog
c:\users\родион\documents\visual studio 2015\projects\wheels\wheels\debug\wheels.tlog\tzres.dll.bi
