c:\users\родион\documents\visual studio 2015\projects\wheels\wheels\release\vc140.pdb
c:\users\родион\documents\visual studio 2015\projects\wheels\wheels\release\wheel.obj
c:\users\родион\documents\visual studio 2015\projects\wheels\wheels\release\mainform.obj
c:\users\родион\documents\visual studio 2015\projects\wheels\wheels\release\.netframework,version=v4.0.assemblyattributes.obj
c:\users\родион\documents\visual studio 2015\projects\wheels\wheels\release\.netframework,version=v4.0.assemblyattributes.asm
c:\users\родион\documents\visual studio 2015\projects\wheels\wheels\release\main.obj
c:\users\родион\documents\visual studio 2015\projects\wheels\release\wheels.exe
c:\users\родион\documents\visual studio 2015\projects\wheels\release\wheels.pdb
c:\users\родион\documents\visual studio 2015\projects\wheels\wheels\release\wheels.mainform.resources
c:\users\родион\documents\visual studio 2015\projects\wheels\wheels\release\wheels.vcxproj.generateresource.cache
c:\users\родион\documents\visual studio 2015\projects\wheels\wheels\release\wheels.vcxprojresolveassemblyreference.cache
c:\users\родион\documents\visual studio 2015\projects\wheels\wheels\release\wheels.tlog\cl.command.1.tlog
c:\users\родион\documents\visual studio 2015\projects\wheels\wheels\release\wheels.tlog\cl.read.1.tlog
c:\users\родион\documents\visual studio 2015\projects\wheels\wheels\release\wheels.tlog\cl.write.1.tlog
c:\users\родион\documents\visual studio 2015\projects\wheels\wheels\release\wheels.tlog\link.command.1.tlog
c:\users\родион\documents\visual studio 2015\projects\wheels\wheels\release\wheels.tlog\link.read.1.tlog
c:\users\родион\documents\visual studio 2015\projects\wheels\wheels\release\wheels.tlog\link.write.1.tlog
c:\users\родион\documents\visual studio 2015\projects\wheels\wheels\release\wheels.tlog\metagen.read.1.tlog
c:\users\родион\documents\visual studio 2015\projects\wheels\wheels\release\wheels.tlog\metagen.write.1.tlog
c:\users\родион\documents\visual studio 2015\projects\wheels\wheels\release\wheels.tlog\wheels.write.1u.tlog
c:\users\родион\documents\visual studio 2015\projects\wheels\wheels\release\wheels.tlog\tzres.dll.bi
